# JRE version: OpenJDK Runtime Environment Microsoft-11926163 (17.0.16+8) (build 17.0.16+8-LTS)
# Java VM: OpenJDK 64-Bit Server VM Microsoft-11926163 (17.0.16+8-LTS, mixed mode, sharing, tiered, compressed oops, compressed class ptrs, g1 gc, windows-amd64)
GC Precious Log:
 CPUs: 12 total, 12 available
 Memory: 15631M
 Large Page Support: Disabled
 NUMA Support: Disabled
 Compressed Oops: Enabled (32-bit)
 Heap Region Size: 1M
 Heap Min Capacity: 256M
 Heap Initial Capacity: 256M
 Heap Max Capacity: 512M
 Pre-touch: Disabled
 Parallel Workers: 10
 Concurrent Workers: 3
 Concurrent Refinement Workers: 10
 Periodic GC: Disabled
Heap:
 garbage-first heap   total 262144K, used 126968K [0x00000000e0000000, 0x0000000100000000)
  region size 1024K, 27 young (27648K), 5 survivors (5120K)
 Metaspace       used 83968K, committed 84608K, reserved 458752K
  class space    used 11382K, committed 11712K, reserved 327680K
GC Heap History (20 events):
Event: 19.981 GC heap before
{Heap before GC invocations=37 (full 0):
 garbage-first heap   total 262144K, used 223209K [0x00000000e0000000, 0x0000000100000000)
  region size 1024K, 129 young (132096K), 8 survivors (8192K)
 Metaspace       used 83863K, committed 84544K, reserved 458752K
  class space    used 11382K, committed 11712K, reserved 327680K
}
Event: 19.984 GC heap after
{Heap after GC invocations=38 (full 0):
 garbage-first heap   total 262144K, used 102143K [0x00000000e0000000, 0x0000000100000000)
  region size 1024K, 8 young (8192K), 8 survivors (8192K)
 Metaspace       used 83863K, committed 84544K, reserved 458752K
  class space    used 11382K, committed 11712K, reserved 327680K
}
Event: 20.038 GC heap before
{Heap before GC invocations=38 (full 0):
 garbage-first heap   total 262144K, used 223999K [0x00000000e0000000, 0x0000000100000000)
  region size 1024K, 128 young (131072K), 8 survivors (8192K)
 Metaspace       used 83865K, committed 84544K, reserved 458752K
  class space    used 11382K, committed 11712K, reserved 327680K
}
Event: 20.042 GC heap after
{Heap after GC invocations=39 (full 0):
 garbage-first heap   total 262144K, used 103573K [0x00000000e0000000, 0x0000000100000000)
  region size 1024K, 10 young (10240K), 10 survivors (10240K)
 Metaspace       used 83865K, committed 84544K, reserved 458752K
  class space    used 11382K, committed 11712K, reserved 327680K
}
Event: 20.100 GC heap before
{Heap before GC invocations=39 (full 0):
 garbage-first heap   total 262144K, used 223381K [0x00000000e0000000, 0x0000000100000000)
  region size 1024K, 128 young (131072K), 10 survivors (10240K)
 Metaspace       used 83880K, committed 84544K, reserved 458752K
  class space    used 11382K, committed 11712K, reserved 327680K
}
Event: 20.103 GC heap after
{Heap after GC invocations=40 (full 0):
 garbage-first heap   total 262144K, used 104010K [0x00000000e0000000, 0x0000000100000000)
  region size 1024K, 9 young (9216K), 9 survivors (9216K)
 Metaspace       used 83880K, committed 84544K, reserved 458752K
  class space    used 11382K, committed 11712K, reserved 327680K
}
Event: 20.161 GC heap before
{Heap before GC invocations=40 (full 0):
 garbage-first heap   total 262144K, used 222794K [0x00000000e0000000, 0x0000000100000000)
  region size 1024K, 126 young (129024K), 9 survivors (9216K)
 Metaspace       used 83889K, committed 84608K, reserved 458752K
  class space    used 11382K, committed 11712K, reserved 327680K
}
Event: 20.166 GC heap after
{Heap after GC invocations=41 (full 0):
 garbage-first heap   total 262144K, used 106200K [0x00000000e0000000, 0x0000000100000000)
  region size 1024K, 11 young (11264K), 11 survivors (11264K)
 Metaspace       used 83889K, committed 84608K, reserved 458752K
  class space    used 11382K, committed 11712K, reserved 327680K
}
Event: 20.228 GC heap before
{Heap before GC invocations=41 (full 0):
 garbage-first heap   total 262144K, used 221912K [0x00000000e0000000, 0x0000000100000000)
  region size 1024K, 126 young (129024K), 11 survivors (11264K)
 Metaspace       used 83904K, committed 84608K, reserved 458752K
  class space    used 11382K, committed 11712K, reserved 327680K
}
Event: 20.232 GC heap after
{Heap after GC invocations=42 (full 0):
 garbage-first heap   total 262144K, used 106527K [0x00000000e0000000, 0x0000000100000000)
  region size 1024K, 9 young (9216K), 9 survivors (9216K)
 Metaspace       used 83904K, committed 84608K, reserved 458752K
  class space    used 11382K, committed 11712K, reserved 327680K
}
Event: 20.289 GC heap before
{Heap before GC invocations=42 (full 0):
 garbage-first heap   total 262144K, used 224287K [0x00000000e0000000, 0x0000000100000000)
  region size 1024K, 125 young (128000K), 9 survivors (9216K)
 Metaspace       used 83930K, committed 84608K, reserved 458752K
  class space    used 11382K, committed 11712K, reserved 327680K
}
Event: 20.293 GC heap after
{Heap after GC invocations=43 (full 0):
 garbage-first heap   total 262144K, used 107624K [0x00000000e0000000, 0x0000000100000000)
  region size 1024K, 10 young (10240K), 10 survivors (10240K)
 Metaspace       used 83930K, committed 84608K, reserved 458752K
  class space    used 11382K, committed 11712K, reserved 327680K
}
Event: 20.357 GC heap before
{Heap before GC invocations=43 (full 0):
 garbage-first heap   total 262144K, used 223336K [0x00000000e0000000, 0x0000000100000000)
  region size 1024K, 124 young (126976K), 10 survivors (10240K)
 Metaspace       used 83944K, committed 84608K, reserved 458752K
  class space    used 11382K, committed 11712K, reserved 327680K
}
Event: 20.361 GC heap after
{Heap after GC invocations=44 (full 0):
 garbage-first heap   total 262144K, used 108409K [0x00000000e0000000, 0x0000000100000000)
  region size 1024K, 10 young (10240K), 10 survivors (10240K)
 Metaspace       used 83944K, committed 84608K, reserved 458752K
  class space    used 11382K, committed 11712K, reserved 327680K
}
Event: 20.419 GC heap before
{Heap before GC invocations=44 (full 0):
 garbage-first heap   total 262144K, used 223097K [0x00000000e0000000, 0x0000000100000000)
  region size 1024K, 124 young (126976K), 10 survivors (10240K)
 Metaspace       used 83947K, committed 84608K, reserved 458752K
  class space    used 11382K, committed 11712K, reserved 327680K
}
Event: 20.422 GC heap after
{Heap after GC invocations=45 (full 0):
 garbage-first heap   total 262144K, used 107826K [0x00000000e0000000, 0x0000000100000000)
  region size 1024K, 8 young (8192K), 8 survivors (8192K)
 Metaspace       used 83947K, committed 84608K, reserved 458752K
  class space    used 11382K, committed 11712K, reserved 327680K
}
Event: 20.480 GC heap before
{Heap before GC invocations=45 (full 0):
 garbage-first heap   total 262144K, used 224562K [0x00000000e0000000, 0x0000000100000000)
  region size 1024K, 123 young (125952K), 8 survivors (8192K)
 Metaspace       used 83953K, committed 84608K, reserved 458752K
  class space    used 11382K, committed 11712K, reserved 327680K
}
Event: 20.483 GC heap after
{Heap after GC invocations=46 (full 0):
 garbage-first heap   total 262144K, used 108420K [0x00000000e0000000, 0x0000000100000000)
  region size 1024K, 8 young (8192K), 8 survivors (8192K)
 Metaspace       used 83953K, committed 84608K, reserved 458752K
  class space    used 11382K, committed 11712K, reserved 327680K
}
Event: 20.537 GC heap before
{Heap before GC invocations=46 (full 0):
 garbage-first heap   total 262144K, used 225156K [0x00000000e0000000, 0x0000000100000000)
  region size 1024K, 123 young (125952K), 8 survivors (8192K)
 Metaspace       used 83963K, committed 84608K, reserved 458752K
  class space    used 11382K, committed 11712K, reserved 327680K
}
Event: 20.540 GC heap after
{Heap after GC invocations=47 (full 0):
 garbage-first heap   total 262144K, used 107309K [0x00000000e0000000, 0x0000000100000000)
  region size 1024K, 7 young (7168K), 7 survivors (7168K)
 Metaspace       used 83963K, committed 84608K, reserved 458752K
  class space    used 11382K, committed 11712K, reserved 327680K
}

